-------------------------------------------------------------------------------
Test set: model.AppTest
-------------------------------------------------------------------------------
Tests run: 8, Failures: 1, Errors: 0, Skipped: 0, Time elapsed: 0.06 s <<< FAILURE! - in model.AppTest
EXPAND_BORDERS(model.AppTest)  Time elapsed: 0.008 s  <<< FAILURE!
java.lang.AssertionError: expected:<83> but was:<0>
	at model.AppTest.EXPAND_BORDERS(AppTest.java:102)

