<?xml version="1.0" encoding="UTF-8"?>
<testsuite xmlns:xsi="http://www.w3.org/2001/XMLSchema-instance" xsi:noNamespaceSchemaLocation="https://maven.apache.org/surefire/maven-surefire-plugin/xsd/surefire-test-report.xsd" name="model.AppTest" time="0.06" tests="8" errors="0" skipped="0" failures="1">
  <properties>
[...]
</properties>
  <testcase name="LEAD_FROM_THE_FRONT" classname="model.AppTest" time="0.008"/>
  <testcase name="NEGOTIATE_TRADE_ROUTES" classname="model.AppTest" time="0"/>
  <testcase name="EXPAND_BORDERS" classname="model.AppTest" time="0.008">
    <failure message="expected:&lt;83&gt; but was:&lt;0&gt;" type="java.lang.AssertionError"><![CDATA[java.lang.AssertionError: expected:<83> but was:<0>
	at model.AppTest.EXPAND_BORDERS(AppTest.java:102)
]]></failure>
  </testcase>
  <testcase name="FOUND_RESEARCH_OUTPOSTS" classname="model.AppTest" time="0.002"/>
  <testcase name="ERECT_A_MONUMENT" classname="model.AppTest" time="0"/>
  <testcase name="DIVERSIFY_RESEARCH" classname="model.AppTest" time="0.001"/>
  <testcase name="DEVELOP_WEAPONARY" classname="model.AppTest" time="0"/>
  <testcase name="CORNER_THE_MARKET" classname="model.AppTest" time="0.001"/>
</testsuite>